<?xml version="1.0" encoding="UTF-8"?>
<!-- Generated by org.testng.reporters.JUnitXMLReporter -->
<testsuite hostname="TYSS-4F-Wacom02" ignored="0" name="Test" tests="3" failures="0" timestamp="02 Aug 2018 07:37:21 GMT" time="65.363" errors="0">
  <testcase name="testcase1" time="10.501" classname="scripts.Validlogin"/>
  <testcase name="testcase2" time="7.809" classname="scripts.Selectthedressfromwhislist"/>
  <testcase name="testcase3" time="4.989" classname="scripts.Invalidlogin"/>
</testsuite> <!-- Test -->
